<?xml version="1.0" encoding="UTF-8"?>
<!-- Generated by org.testng.reporters.JUnitXMLReporter -->
<testsuite hostname="Admin-PC" ignored="0" name="Command line test" tests="6" failures="0" timestamp="13 Jun 2021 18:00:31 GMT" time="24.276" errors="0">
  <testcase name="login" time="10.178" classname="com.version2Practice.DataProviderTest"/>
  <testcase name="login" time="8.319" classname="com.version2Practice.DataProviderTest"/>
  <testcase name="open" time="5.691" classname="com.version2Practice.OpeningBrowserTest"/>
  <testcase name="add" time="0.005" classname="com.version2Practice.Program1Test"/>
  <testcase name="dele" time="0.0" classname="com.version2Practice.Program1Test"/>
  <testcase name="sum" time="0.0" classname="com.version2Practice.Program1Test"/>
</testsuite> <!-- Command line test -->
