<?xml version="1.0" encoding="UTF-8"?>
<testng-results skipped="0" failed="0" ignored="0" total="1" passed="1">
  <reporter-output>
  </reporter-output>
  <suite name="Default suite" duration-ms="7987" started-at="2021-06-01T02:52:09Z" finished-at="2021-06-01T02:52:17Z">
    <groups>
    </groups>
    <test name="Default test" duration-ms="7987" started-at="2021-06-01T02:52:09Z" finished-at="2021-06-01T02:52:17Z">
      <class name="com.version2Practice.OpeningBrowserTest">
        <test-method status="PASS" signature="open()[pri:0, instance:com.version2Practice.OpeningBrowserTest@18be83e4]" name="open" duration-ms="7953" started-at="2021-06-01T02:52:09Z" finished-at="2021-06-01T02:52:17Z">
          <reporter-output>
          </reporter-output>
        </test-method> <!-- open -->
      </class> <!-- com.version2Practice.OpeningBrowserTest -->
    </test> <!-- Default test -->
  </suite> <!-- Default suite -->
</testng-results>
